2019-03-13 09:45:08.854  INFO 16216 --- [main] com.bth.lht.LhtApplication               : Starting LhtApplication on DESKTOP-S54C630 with PID 16216 (C:\Users\Antony\IdeaProjects\lht\target\classes started by Antony in C:\Users\Antony\IdeaProjects\lht)
2019-03-13 09:45:08.911  INFO 16216 --- [main] com.bth.lht.LhtApplication               : No active profile set, falling back to default profiles: default
2019-03-13 09:45:14.160  INFO 16216 --- [main] .s.d.r.c.RepositoryConfigurationDelegate : Bootstrapping Spring Data repositories in DEFAULT mode.
2019-03-13 09:45:14.480  INFO 16216 --- [main] .s.d.r.c.RepositoryConfigurationDelegate : Finished Spring Data repository scanning in 288ms. Found 3 repository interfaces.
2019-03-13 09:45:16.136  INFO 16216 --- [main] trationDelegate$BeanPostProcessorChecker : Bean 'org.springframework.transaction.annotation.ProxyTransactionManagementConfiguration' of type [org.springframework.transaction.annotation.ProxyTransactionManagementConfiguration$$EnhancerBySpringCGLIB$$b0ba9915] is not eligible for getting processed by all BeanPostProcessors (for example: not eligible for auto-proxying)
2019-03-13 09:45:16.456  INFO 16216 --- [main] trationDelegate$BeanPostProcessorChecker : Bean 'org.springframework.hateoas.config.HateoasConfiguration' of type [org.springframework.hateoas.config.HateoasConfiguration$$EnhancerBySpringCGLIB$$303ae647] is not eligible for getting processed by all BeanPostProcessors (for example: not eligible for auto-proxying)
2019-03-13 09:45:18.342  INFO 16216 --- [main] o.s.b.w.embedded.tomcat.TomcatWebServer  : Tomcat initialized with port(s): 443 (https) 80 (http)
2019-03-13 09:45:18.505  INFO 16216 --- [main] o.apache.catalina.core.StandardService   : Starting service [Tomcat]
2019-03-13 09:45:18.506  INFO 16216 --- [main] org.apache.catalina.core.StandardEngine  : Starting Servlet Engine: Apache Tomcat/9.0.13
2019-03-13 09:45:18.526  INFO 16216 --- [main] o.a.catalina.core.AprLifecycleListener   : The APR based Apache Tomcat Native library which allows optimal performance in production environments was not found on the java.library.path: [G:\JAVA\jdk1.8.0_101\bin;C:\WINDOWS\Sun\Java\bin;C:\WINDOWS\system32;C:\WINDOWS;C:\ProgramData\Oracle\Java\javapath;G:\JAVA\jdk1.8.0_101\bin;G:\JAVA\jdk1.8.0_101\jre\bin;C:\WINDOWS\system32;C:\WINDOWS;C:\WINDOWS\System32\Wbem;C:\WINDOWS\System32\WindowsPowerShell\v1.0\;C:\Program Files (x86)\MySQL\MySQL Server 5.6\bin;C:\Program Files (x86)\Microsoft SQL Server\100\Tools\Binn\;C:\Program Files (x86)\Microsoft SQL Server\100\DTS\Binn\;C:\Program Files (x86)\Microsoft SQL Server\100\Tools\Binn\VSShell\Common7\IDE\;C:\Program Files (x86)\Microsoft Visual Studio 9.0\Common7\IDE\PrivateAssemblies\;G:\apache-maven-3.5.2\bin;G:\Python\Python37;G:\Python\Python37\Scripts;G:\Program Files\Git\cmd;G:\Program Files\nodejs\;G:\Program Files\Microsoft VS Code\bin;G:\Program Files\Geth;G:\Python\Python37\Scripts\;G:\Python\Python37\;G:\Bandizip;G:\AppData\Local\Android\sdk\platform-tools;C:\Program Files (x86)\IDM Computer Solutions\UltraEdit\;C:\Users\Antony\AppData\Local\Microsoft\WindowsApps;G:\Program Files\Fiddler;G:\Program Files\Git\cmd;G:\gradle-4.9\bin;G:\Redis-x64-3.2.100;C:\Users\Antony\AppData\Roaming\npm;.]
2019-03-13 09:45:19.260  INFO 16216 --- [main] o.a.c.c.C.[Tomcat].[localhost].[/]       : Initializing Spring embedded WebApplicationContext
2019-03-13 09:45:19.261  INFO 16216 --- [main] o.s.web.context.ContextLoader            : Root WebApplicationContext: initialization completed in 9946 ms
2019-03-13 09:45:21.016  INFO 16216 --- [main] o.hibernate.jpa.internal.util.LogHelper  : HHH000204: Processing PersistenceUnitInfo [
	name: default
	...]
2019-03-13 09:45:21.512  INFO 16216 --- [main] org.hibernate.Version                    : HHH000412: Hibernate Core {5.3.7.Final}
2019-03-13 09:45:21.515  INFO 16216 --- [main] org.hibernate.cfg.Environment            : HHH000206: hibernate.properties not found
2019-03-13 09:45:22.275  INFO 16216 --- [main] o.hibernate.annotations.common.Version   : HCANN000001: Hibernate Commons Annotations {5.0.4.Final}
2019-03-13 09:45:22.733  INFO 16216 --- [main] com.zaxxer.hikari.HikariDataSource       : HikariPool-1 - Starting...
2019-03-13 09:45:23.519  INFO 16216 --- [main] com.zaxxer.hikari.HikariDataSource       : HikariPool-1 - Start completed.
2019-03-13 09:45:23.667  INFO 16216 --- [main] org.hibernate.dialect.Dialect            : HHH000400: Using dialect: org.hibernate.dialect.MySQL5Dialect
2019-03-13 09:45:25.060  WARN 16216 --- [main] org.hibernate.id.UUIDHexGenerator        : HHH000409: Using org.hibernate.id.UUIDHexGenerator which does not generate IETF RFC 4122 compliant UUID values; consider using org.hibernate.id.UUIDGenerator instead
2019-03-13 09:45:33.578  INFO 16216 --- [main] j.LocalContainerEntityManagerFactoryBean : Initialized JPA EntityManagerFactory for persistence unit 'default'
2019-03-13 09:45:34.966  WARN 16216 --- [main] ConfigServletWebServerApplicationContext : Exception encountered during context initialization - cancelling refresh attempt: org.springframework.beans.factory.UnsatisfiedDependencyException: Error creating bean with name 'missionController': Unsatisfied dependency expressed through method 'hello' parameter 0; nested exception is org.springframework.beans.factory.NoSuchBeanDefinitionException: No qualifying bean of type 'int' available: expected at least 1 bean which qualifies as autowire candidate. Dependency annotations: {@org.springframework.web.bind.annotation.PathVariable(name=id, value=, required=true)}
2019-03-13 09:45:34.967  INFO 16216 --- [main] j.LocalContainerEntityManagerFactoryBean : Closing JPA EntityManagerFactory for persistence unit 'default'
2019-03-13 09:45:35.013  INFO 16216 --- [main] com.zaxxer.hikari.HikariDataSource       : HikariPool-1 - Shutdown initiated...
2019-03-13 09:45:35.049  INFO 16216 --- [main] com.zaxxer.hikari.HikariDataSource       : HikariPool-1 - Shutdown completed.
2019-03-13 09:45:35.074  INFO 16216 --- [main] o.apache.catalina.core.StandardService   : Stopping service [Tomcat]
2019-03-13 09:45:35.109  INFO 16216 --- [main] ConditionEvaluationReportLoggingListener : 

Error starting ApplicationContext. To display the conditions report re-run your application with 'debug' enabled.
2019-03-13 09:45:35.517 ERROR 16216 --- [main] o.s.b.d.LoggingFailureAnalysisReporter   : 

***************************
APPLICATION FAILED TO START
***************************

Description:

Parameter 0 of method hello in com.bth.lht.rest.missionController.MissionController required a bean of type 'int' that could not be found.

The injection point has the following annotations:
	- @org.springframework.web.bind.annotation.PathVariable(name=id, value=, required=true)


Action:

Consider defining a bean of type 'int' in your configuration.

2019-03-13 09:46:31.905  INFO 17828 --- [main] com.bth.lht.LhtApplication               : Starting LhtApplication on DESKTOP-S54C630 with PID 17828 (C:\Users\Antony\IdeaProjects\lht\target\classes started by Antony in C:\Users\Antony\IdeaProjects\lht)
2019-03-13 09:46:31.911  INFO 17828 --- [main] com.bth.lht.LhtApplication               : No active profile set, falling back to default profiles: default
2019-03-13 09:46:33.531  INFO 17828 --- [main] .s.d.r.c.RepositoryConfigurationDelegate : Bootstrapping Spring Data repositories in DEFAULT mode.
2019-03-13 09:46:33.712  INFO 17828 --- [main] .s.d.r.c.RepositoryConfigurationDelegate : Finished Spring Data repository scanning in 171ms. Found 3 repository interfaces.
2019-03-13 09:46:34.256  INFO 17828 --- [main] trationDelegate$BeanPostProcessorChecker : Bean 'org.springframework.transaction.annotation.ProxyTransactionManagementConfiguration' of type [org.springframework.transaction.annotation.ProxyTransactionManagementConfiguration$$EnhancerBySpringCGLIB$$83d6c7e7] is not eligible for getting processed by all BeanPostProcessors (for example: not eligible for auto-proxying)
2019-03-13 09:46:34.398  INFO 17828 --- [main] trationDelegate$BeanPostProcessorChecker : Bean 'org.springframework.hateoas.config.HateoasConfiguration' of type [org.springframework.hateoas.config.HateoasConfiguration$$EnhancerBySpringCGLIB$$3571519] is not eligible for getting processed by all BeanPostProcessors (for example: not eligible for auto-proxying)
2019-03-13 09:46:34.873  INFO 17828 --- [main] o.s.b.w.embedded.tomcat.TomcatWebServer  : Tomcat initialized with port(s): 443 (https) 80 (http)
2019-03-13 09:46:34.913  INFO 17828 --- [main] o.apache.catalina.core.StandardService   : Starting service [Tomcat]
2019-03-13 09:46:34.914  INFO 17828 --- [main] org.apache.catalina.core.StandardEngine  : Starting Servlet Engine: Apache Tomcat/9.0.13
2019-03-13 09:46:34.918  INFO 17828 --- [main] o.a.catalina.core.AprLifecycleListener   : The APR based Apache Tomcat Native library which allows optimal performance in production environments was not found on the java.library.path: [G:\JAVA\jdk1.8.0_101\bin;C:\WINDOWS\Sun\Java\bin;C:\WINDOWS\system32;C:\WINDOWS;C:\ProgramData\Oracle\Java\javapath;G:\JAVA\jdk1.8.0_101\bin;G:\JAVA\jdk1.8.0_101\jre\bin;C:\WINDOWS\system32;C:\WINDOWS;C:\WINDOWS\System32\Wbem;C:\WINDOWS\System32\WindowsPowerShell\v1.0\;C:\Program Files (x86)\MySQL\MySQL Server 5.6\bin;C:\Program Files (x86)\Microsoft SQL Server\100\Tools\Binn\;C:\Program Files (x86)\Microsoft SQL Server\100\DTS\Binn\;C:\Program Files (x86)\Microsoft SQL Server\100\Tools\Binn\VSShell\Common7\IDE\;C:\Program Files (x86)\Microsoft Visual Studio 9.0\Common7\IDE\PrivateAssemblies\;G:\apache-maven-3.5.2\bin;G:\Python\Python37;G:\Python\Python37\Scripts;G:\Program Files\Git\cmd;G:\Program Files\nodejs\;G:\Program Files\Microsoft VS Code\bin;G:\Program Files\Geth;G:\Python\Python37\Scripts\;G:\Python\Python37\;G:\Bandizip;G:\AppData\Local\Android\sdk\platform-tools;C:\Program Files (x86)\IDM Computer Solutions\UltraEdit\;C:\Users\Antony\AppData\Local\Microsoft\WindowsApps;G:\Program Files\Fiddler;G:\Program Files\Git\cmd;G:\gradle-4.9\bin;G:\Redis-x64-3.2.100;C:\Users\Antony\AppData\Roaming\npm;.]
2019-03-13 09:46:35.177  INFO 17828 --- [main] o.a.c.c.C.[Tomcat].[localhost].[/]       : Initializing Spring embedded WebApplicationContext
2019-03-13 09:46:35.178  INFO 17828 --- [main] o.s.web.context.ContextLoader            : Root WebApplicationContext: initialization completed in 3181 ms
2019-03-13 09:46:35.635  INFO 17828 --- [main] o.hibernate.jpa.internal.util.LogHelper  : HHH000204: Processing PersistenceUnitInfo [
	name: default
	...]
2019-03-13 09:46:35.723  INFO 17828 --- [main] org.hibernate.Version                    : HHH000412: Hibernate Core {5.3.7.Final}
2019-03-13 09:46:35.726  INFO 17828 --- [main] org.hibernate.cfg.Environment            : HHH000206: hibernate.properties not found
2019-03-13 09:46:35.931  INFO 17828 --- [main] o.hibernate.annotations.common.Version   : HCANN000001: Hibernate Commons Annotations {5.0.4.Final}
2019-03-13 09:46:36.154  INFO 17828 --- [main] com.zaxxer.hikari.HikariDataSource       : HikariPool-1 - Starting...
2019-03-13 09:46:36.302  INFO 17828 --- [main] com.zaxxer.hikari.HikariDataSource       : HikariPool-1 - Start completed.
2019-03-13 09:46:36.316  INFO 17828 --- [main] org.hibernate.dialect.Dialect            : HHH000400: Using dialect: org.hibernate.dialect.MySQL5Dialect
2019-03-13 09:46:36.641  WARN 17828 --- [main] org.hibernate.id.UUIDHexGenerator        : HHH000409: Using org.hibernate.id.UUIDHexGenerator which does not generate IETF RFC 4122 compliant UUID values; consider using org.hibernate.id.UUIDGenerator instead
2019-03-13 09:46:37.546  INFO 17828 --- [main] j.LocalContainerEntityManagerFactoryBean : Initialized JPA EntityManagerFactory for persistence unit 'default'
2019-03-13 09:46:38.789  WARN 17828 --- [main] aWebConfiguration$JpaWebMvcConfiguration : spring.jpa.open-in-view is enabled by default. Therefore, database queries may be performed during view rendering. Explicitly configure spring.jpa.open-in-view to disable this warning
2019-03-13 09:46:39.446  INFO 17828 --- [main] o.s.s.concurrent.ThreadPoolTaskExecutor  : Initializing ExecutorService 'applicationTaskExecutor'
2019-03-13 09:46:39.934  INFO 17828 --- [main] d.s.w.p.DocumentationPluginsBootstrapper : Context refreshed
2019-03-13 09:46:40.007  INFO 17828 --- [main] d.s.w.p.DocumentationPluginsBootstrapper : Found {0} custom documentation plugin(s)
2019-03-13 09:46:40.019  INFO 17828 --- [main] s.d.s.w.s.ApiListingReferenceScanner     : Scanning for api listing references
2019-03-13 09:46:40.033  INFO 17828 --- [main] s.w.ClassOrApiAnnotationResourceGrouping : Group for method update was 用户接口
2019-03-13 09:46:40.037  INFO 17828 --- [main] s.d.s.w.s.ApiListingReferenceScanner     : Request mapping: update belongs to groups: [[ResourceGroup{groupName='用户接口', position=0, controller=com.bth.lht.rest.userController.UserController}]] 
2019-03-13 09:46:40.039  INFO 17828 --- [main] s.w.ClassOrApiAnnotationResourceGrouping : Group for method reward was 用户接口
2019-03-13 09:46:40.040  INFO 17828 --- [main] s.d.s.w.s.ApiListingReferenceScanner     : Request mapping: reward belongs to groups: [[ResourceGroup{groupName='用户接口', position=0, controller=com.bth.lht.rest.userController.UserController}]] 
2019-03-13 09:46:40.040  INFO 17828 --- [main] s.w.ClassOrApiAnnotationResourceGrouping : Group for method save was 用户接口
2019-03-13 09:46:40.040  INFO 17828 --- [main] s.d.s.w.s.ApiListingReferenceScanner     : Request mapping: save belongs to groups: [[ResourceGroup{groupName='用户接口', position=0, controller=com.bth.lht.rest.userController.UserController}]] 
2019-03-13 09:46:40.041  INFO 17828 --- [main] s.w.ClassOrApiAnnotationResourceGrouping : Group for method save was user-info-controller
2019-03-13 09:46:40.041  INFO 17828 --- [main] s.d.s.w.s.ApiListingReferenceScanner     : Request mapping: save belongs to groups: [[ResourceGroup{groupName='user-info-controller', position=0, controller=com.bth.lht.rest.userController.UserInfoController}]] 
2019-03-13 09:46:40.047  INFO 17828 --- [main] s.d.s.w.s.ApiListingReferenceScanner     : Created resource listing Path: /default/user-info-controller Description: user-info-controller Position: 0
2019-03-13 09:46:40.049  INFO 17828 --- [main] s.d.s.w.s.ApiListingReferenceScanner     : Created resource listing Path: /default/用户接口 Description: 用户接口 Position: 0
2019-03-13 09:46:40.085  INFO 17828 --- [main] s.d.schema.ModelContextKeyGenerator      : Cache Key Generated: com.bth.lht.entity.user.UserInfoEO(false)
2019-03-13 09:46:40.086  INFO 17828 --- [main] s.d.spring.web.caching.CachingAspect     : Caching aspect applied for cache models with key com.bth.lht.entity.user.UserInfoEO(false)
2019-03-13 09:46:40.092  INFO 17828 --- [main] s.d.s.p.ModelPropertiesKeyGenerator      : Cache key generated: com.bth.lht.entity.user.UserInfoEO(false)
2019-03-13 09:46:40.093  INFO 17828 --- [main] s.d.spring.web.caching.CachingAspect     : Caching aspect applied for cache modelProperties with key com.bth.lht.entity.user.UserInfoEO(false)
2019-03-13 09:46:40.163  INFO 17828 --- [main] s.d.schema.ModelContextKeyGenerator      : Cache Key Generated: com.bth.lht.entity.user.UserInfoEO(false)
2019-03-13 09:46:40.163  INFO 17828 --- [main] s.d.spring.web.caching.CachingAspect     : Caching aspect applied for cache modelDependencies with key com.bth.lht.entity.user.UserInfoEO(false)
2019-03-13 09:46:40.452  INFO 17828 --- [main] s.d.s.p.ModelPropertiesKeyGenerator      : Cache key generated: com.bth.lht.entity.user.UserInfoEO(false)
2019-03-13 09:46:40.452  INFO 17828 --- [main] s.d.spring.web.caching.CachingAspect     : Caching aspect applied for cache modelProperties with key com.bth.lht.entity.user.UserInfoEO(false)
2019-03-13 09:46:40.455  INFO 17828 --- [main] s.d.s.p.ModelPropertiesKeyGenerator      : Cache key generated: com.bth.lht.entity.user.UserEO(false)
2019-03-13 09:46:40.455  INFO 17828 --- [main] s.d.spring.web.caching.CachingAspect     : Caching aspect applied for cache modelProperties with key com.bth.lht.entity.user.UserEO(false)
2019-03-13 09:46:40.465  INFO 17828 --- [main] s.d.s.p.ModelPropertiesKeyGenerator      : Cache key generated: com.bth.lht.entity.user.UserEO(false)
2019-03-13 09:46:40.465  INFO 17828 --- [main] s.d.spring.web.caching.CachingAspect     : Caching aspect applied for cache modelProperties with key com.bth.lht.entity.user.UserEO(false)
2019-03-13 09:46:40.466  INFO 17828 --- [main] s.d.schema.ModelContextKeyGenerator      : Cache Key Generated: com.bth.lht.respose.base.OneResponse<com.bth.lht.entity.user.UserInfoEO>(true)
2019-03-13 09:46:40.466  INFO 17828 --- [main] s.d.spring.web.caching.CachingAspect     : Caching aspect applied for cache models with key com.bth.lht.respose.base.OneResponse<com.bth.lht.entity.user.UserInfoEO>(true)
2019-03-13 09:46:40.467  INFO 17828 --- [main] s.d.s.p.ModelPropertiesKeyGenerator      : Cache key generated: com.bth.lht.respose.base.OneResponse<com.bth.lht.entity.user.UserInfoEO>(true)
2019-03-13 09:46:40.467  INFO 17828 --- [main] s.d.spring.web.caching.CachingAspect     : Caching aspect applied for cache modelProperties with key com.bth.lht.respose.base.OneResponse<com.bth.lht.entity.user.UserInfoEO>(true)
2019-03-13 09:46:40.471  INFO 17828 --- [main] s.d.schema.ModelContextKeyGenerator      : Cache Key Generated: com.bth.lht.respose.base.OneResponse<com.bth.lht.entity.user.UserInfoEO>(true)
2019-03-13 09:46:40.471  INFO 17828 --- [main] s.d.spring.web.caching.CachingAspect     : Caching aspect applied for cache modelDependencies with key com.bth.lht.respose.base.OneResponse<com.bth.lht.entity.user.UserInfoEO>(true)
2019-03-13 09:46:40.472  INFO 17828 --- [main] s.d.s.p.ModelPropertiesKeyGenerator      : Cache key generated: com.bth.lht.entity.user.UserInfoEO(true)
2019-03-13 09:46:40.472  INFO 17828 --- [main] s.d.spring.web.caching.CachingAspect     : Caching aspect applied for cache modelProperties with key com.bth.lht.entity.user.UserInfoEO(true)
2019-03-13 09:46:40.475  INFO 17828 --- [main] s.d.s.p.ModelPropertiesKeyGenerator      : Cache key generated: com.bth.lht.entity.user.UserEO(true)
2019-03-13 09:46:40.475  INFO 17828 --- [main] s.d.spring.web.caching.CachingAspect     : Caching aspect applied for cache modelProperties with key com.bth.lht.entity.user.UserEO(true)
2019-03-13 09:46:40.482  INFO 17828 --- [main] s.d.s.p.ModelPropertiesKeyGenerator      : Cache key generated: com.bth.lht.respose.base.OneResponse<com.bth.lht.entity.user.UserInfoEO>(true)
2019-03-13 09:46:40.482  INFO 17828 --- [main] s.d.spring.web.caching.CachingAspect     : Caching aspect applied for cache modelProperties with key com.bth.lht.respose.base.OneResponse<com.bth.lht.entity.user.UserInfoEO>(true)
2019-03-13 09:46:40.482  INFO 17828 --- [main] s.d.s.p.ModelPropertiesKeyGenerator      : Cache key generated: com.bth.lht.entity.user.UserInfoEO(true)
2019-03-13 09:46:40.483  INFO 17828 --- [main] s.d.spring.web.caching.CachingAspect     : Caching aspect applied for cache modelProperties with key com.bth.lht.entity.user.UserInfoEO(true)
2019-03-13 09:46:40.485  INFO 17828 --- [main] s.d.s.p.ModelPropertiesKeyGenerator      : Cache key generated: com.bth.lht.entity.user.UserEO(true)
2019-03-13 09:46:40.485  INFO 17828 --- [main] s.d.spring.web.caching.CachingAspect     : Caching aspect applied for cache modelProperties with key com.bth.lht.entity.user.UserEO(true)
2019-03-13 09:46:40.488  INFO 17828 --- [main] s.d.s.p.ModelPropertiesKeyGenerator      : Cache key generated: com.bth.lht.entity.user.UserInfoEO(true)
2019-03-13 09:46:40.489  INFO 17828 --- [main] s.d.spring.web.caching.CachingAspect     : Caching aspect applied for cache modelProperties with key com.bth.lht.entity.user.UserInfoEO(true)
2019-03-13 09:46:40.489  INFO 17828 --- [main] s.d.s.p.ModelPropertiesKeyGenerator      : Cache key generated: com.bth.lht.entity.user.UserEO(true)
2019-03-13 09:46:40.489  INFO 17828 --- [main] s.d.spring.web.caching.CachingAspect     : Caching aspect applied for cache modelProperties with key com.bth.lht.entity.user.UserEO(true)
2019-03-13 09:46:40.491  INFO 17828 --- [main] s.d.spring.web.OperationsKeyGenerator    : Cache key generated: /userInfo/save.com.bth.lht.rest.userController.UserInfoController.save.DefaultGenericTypeNamingStrategy
2019-03-13 09:46:40.492  INFO 17828 --- [main] s.d.spring.web.caching.CachingAspect     : Caching aspect applied for cache operations with key /userInfo/save.com.bth.lht.rest.userController.UserInfoController.save.DefaultGenericTypeNamingStrategy
2019-03-13 09:46:40.567  INFO 17828 --- [main] s.w.ClassOrApiAnnotationResourceGrouping : Group for method save was user-info-controller
2019-03-13 09:46:40.573  INFO 17828 --- [main] s.w.ClassOrApiAnnotationResourceGrouping : Group for method save was user-info-controller
2019-03-13 09:46:40.608  INFO 17828 --- [main] s.d.schema.ModelContextKeyGenerator      : Cache Key Generated: com.bth.lht.respose.base.BaseResponse(true)
2019-03-13 09:46:40.609  INFO 17828 --- [main] s.d.spring.web.caching.CachingAspect     : Caching aspect applied for cache models with key com.bth.lht.respose.base.BaseResponse(true)
2019-03-13 09:46:40.609  INFO 17828 --- [main] s.d.s.p.ModelPropertiesKeyGenerator      : Cache key generated: com.bth.lht.respose.base.BaseResponse(true)
2019-03-13 09:46:40.609  INFO 17828 --- [main] s.d.spring.web.caching.CachingAspect     : Caching aspect applied for cache modelProperties with key com.bth.lht.respose.base.BaseResponse(true)
2019-03-13 09:46:40.610  INFO 17828 --- [main] s.d.schema.ModelContextKeyGenerator      : Cache Key Generated: com.bth.lht.respose.base.BaseResponse(true)
2019-03-13 09:46:40.610  INFO 17828 --- [main] s.d.spring.web.caching.CachingAspect     : Caching aspect applied for cache modelDependencies with key com.bth.lht.respose.base.BaseResponse(true)
2019-03-13 09:46:40.610  INFO 17828 --- [main] s.d.s.p.ModelPropertiesKeyGenerator      : Cache key generated: com.bth.lht.respose.base.BaseResponse(true)
2019-03-13 09:46:40.610  INFO 17828 --- [main] s.d.spring.web.caching.CachingAspect     : Caching aspect applied for cache modelProperties with key com.bth.lht.respose.base.BaseResponse(true)
2019-03-13 09:46:40.611  INFO 17828 --- [main] s.d.schema.ModelContextKeyGenerator      : Cache Key Generated: com.bth.lht.entity.project.ProjectRewardInfoEO(false)
2019-03-13 09:46:40.611  INFO 17828 --- [main] s.d.spring.web.caching.CachingAspect     : Caching aspect applied for cache models with key com.bth.lht.entity.project.ProjectRewardInfoEO(false)
2019-03-13 09:46:40.611  INFO 17828 --- [main] s.d.s.p.ModelPropertiesKeyGenerator      : Cache key generated: com.bth.lht.entity.project.ProjectRewardInfoEO(false)
2019-03-13 09:46:40.611  INFO 17828 --- [main] s.d.spring.web.caching.CachingAspect     : Caching aspect applied for cache modelProperties with key com.bth.lht.entity.project.ProjectRewardInfoEO(false)
2019-03-13 09:46:40.617  INFO 17828 --- [main] s.d.schema.ModelContextKeyGenerator      : Cache Key Generated: com.bth.lht.entity.project.ProjectRewardInfoEO(false)
2019-03-13 09:46:40.618  INFO 17828 --- [main] s.d.spring.web.caching.CachingAspect     : Caching aspect applied for cache modelDependencies with key com.bth.lht.entity.project.ProjectRewardInfoEO(false)
2019-03-13 09:46:40.619  INFO 17828 --- [main] s.d.s.p.ModelPropertiesKeyGenerator      : Cache key generated: com.bth.lht.entity.project.ProjectRewardInfoEO(false)
2019-03-13 09:46:40.619  INFO 17828 --- [main] s.d.spring.web.caching.CachingAspect     : Caching aspect applied for cache modelProperties with key com.bth.lht.entity.project.ProjectRewardInfoEO(false)
2019-03-13 09:46:40.620  INFO 17828 --- [main] s.d.spring.web.OperationsKeyGenerator    : Cache key generated: /reward.com.bth.lht.rest.userController.UserController.reward.DefaultGenericTypeNamingStrategy
2019-03-13 09:46:40.620  INFO 17828 --- [main] s.d.spring.web.caching.CachingAspect     : Caching aspect applied for cache operations with key /reward.com.bth.lht.rest.userController.UserController.reward.DefaultGenericTypeNamingStrategy
2019-03-13 09:46:40.623  INFO 17828 --- [main] s.w.ClassOrApiAnnotationResourceGrouping : Group for method reward was 用户接口
2019-03-13 09:46:40.624  INFO 17828 --- [main] s.w.ClassOrApiAnnotationResourceGrouping : Group for method reward was 用户接口
2019-03-13 09:46:40.626  INFO 17828 --- [main] s.d.schema.ModelContextKeyGenerator      : Cache Key Generated: com.bth.lht.request.user.UserRequest(false)
2019-03-13 09:46:40.626  INFO 17828 --- [main] s.d.spring.web.caching.CachingAspect     : Caching aspect applied for cache models with key com.bth.lht.request.user.UserRequest(false)
2019-03-13 09:46:40.626  INFO 17828 --- [main] s.d.s.p.ModelPropertiesKeyGenerator      : Cache key generated: com.bth.lht.request.user.UserRequest(false)
2019-03-13 09:46:40.626  INFO 17828 --- [main] s.d.spring.web.caching.CachingAspect     : Caching aspect applied for cache modelProperties with key com.bth.lht.request.user.UserRequest(false)
2019-03-13 09:46:40.630  INFO 17828 --- [main] s.d.schema.ModelContextKeyGenerator      : Cache Key Generated: com.bth.lht.request.user.UserRequest(false)
2019-03-13 09:46:40.630  INFO 17828 --- [main] s.d.spring.web.caching.CachingAspect     : Caching aspect applied for cache modelDependencies with key com.bth.lht.request.user.UserRequest(false)
2019-03-13 09:46:40.630  INFO 17828 --- [main] s.d.s.p.ModelPropertiesKeyGenerator      : Cache key generated: com.bth.lht.request.user.UserRequest(false)
2019-03-13 09:46:40.630  INFO 17828 --- [main] s.d.spring.web.caching.CachingAspect     : Caching aspect applied for cache modelProperties with key com.bth.lht.request.user.UserRequest(false)
2019-03-13 09:46:40.631  INFO 17828 --- [main] s.d.schema.ModelContextKeyGenerator      : Cache Key Generated: com.bth.lht.respose.base.OneResponse(true)
2019-03-13 09:46:40.631  INFO 17828 --- [main] s.d.spring.web.caching.CachingAspect     : Caching aspect applied for cache models with key com.bth.lht.respose.base.OneResponse(true)
2019-03-13 09:46:40.632  INFO 17828 --- [main] s.d.s.p.ModelPropertiesKeyGenerator      : Cache key generated: com.bth.lht.respose.base.OneResponse(true)
2019-03-13 09:46:40.632  INFO 17828 --- [main] s.d.spring.web.caching.CachingAspect     : Caching aspect applied for cache modelProperties with key com.bth.lht.respose.base.OneResponse(true)
2019-03-13 09:46:40.634  INFO 17828 --- [main] s.d.schema.ModelContextKeyGenerator      : Cache Key Generated: com.bth.lht.respose.base.OneResponse(true)
2019-03-13 09:46:40.634  INFO 17828 --- [main] s.d.spring.web.caching.CachingAspect     : Caching aspect applied for cache modelDependencies with key com.bth.lht.respose.base.OneResponse(true)
2019-03-13 09:46:40.635  INFO 17828 --- [main] s.d.s.p.ModelPropertiesKeyGenerator      : Cache key generated: com.bth.lht.respose.base.OneResponse(true)
2019-03-13 09:46:40.635  INFO 17828 --- [main] s.d.spring.web.caching.CachingAspect     : Caching aspect applied for cache modelProperties with key com.bth.lht.respose.base.OneResponse(true)
2019-03-13 09:46:40.635  INFO 17828 --- [main] s.d.spring.web.OperationsKeyGenerator    : Cache key generated: /save.com.bth.lht.rest.userController.UserController.save.DefaultGenericTypeNamingStrategy
2019-03-13 09:46:40.635  INFO 17828 --- [main] s.d.spring.web.caching.CachingAspect     : Caching aspect applied for cache operations with key /save.com.bth.lht.rest.userController.UserController.save.DefaultGenericTypeNamingStrategy
2019-03-13 09:46:40.638  INFO 17828 --- [main] s.w.ClassOrApiAnnotationResourceGrouping : Group for method save was 用户接口
2019-03-13 09:46:40.640  INFO 17828 --- [main] s.w.ClassOrApiAnnotationResourceGrouping : Group for method save was 用户接口
2019-03-13 09:46:40.641  INFO 17828 --- [main] .d.s.w.r.o.CachingOperationNameGenerator : Generating unique operation named: saveUsingPOST_1
2019-03-13 09:46:40.642  INFO 17828 --- [main] s.d.schema.ModelContextKeyGenerator      : Cache Key Generated: com.bth.lht.request.user.UserInfoRequest(false)
2019-03-13 09:46:40.643  INFO 17828 --- [main] s.d.spring.web.caching.CachingAspect     : Caching aspect applied for cache models with key com.bth.lht.request.user.UserInfoRequest(false)
2019-03-13 09:46:40.643  INFO 17828 --- [main] s.d.s.p.ModelPropertiesKeyGenerator      : Cache key generated: com.bth.lht.request.user.UserInfoRequest(false)
2019-03-13 09:46:40.643  INFO 17828 --- [main] s.d.spring.web.caching.CachingAspect     : Caching aspect applied for cache modelProperties with key com.bth.lht.request.user.UserInfoRequest(false)
2019-03-13 09:46:40.644  INFO 17828 --- [main] s.d.schema.ModelContextKeyGenerator      : Cache Key Generated: com.bth.lht.request.user.UserInfoRequest(false)
2019-03-13 09:46:40.645  INFO 17828 --- [main] s.d.spring.web.caching.CachingAspect     : Caching aspect applied for cache modelDependencies with key com.bth.lht.request.user.UserInfoRequest(false)
2019-03-13 09:46:40.645  INFO 17828 --- [main] s.d.s.p.ModelPropertiesKeyGenerator      : Cache key generated: com.bth.lht.request.user.UserInfoRequest(false)
2019-03-13 09:46:40.645  INFO 17828 --- [main] s.d.spring.web.caching.CachingAspect     : Caching aspect applied for cache modelProperties with key com.bth.lht.request.user.UserInfoRequest(false)
2019-03-13 09:46:40.645  INFO 17828 --- [main] s.d.schema.ModelContextKeyGenerator      : Cache Key Generated: com.bth.lht.respose.base.OneResponse(true)
2019-03-13 09:46:40.645  INFO 17828 --- [main] s.d.spring.web.caching.CachingAspect     : Caching aspect applied for cache models with key com.bth.lht.respose.base.OneResponse(true)
2019-03-13 09:46:40.646  INFO 17828 --- [main] s.d.schema.ModelContextKeyGenerator      : Cache Key Generated: com.bth.lht.respose.base.OneResponse(true)
2019-03-13 09:46:40.646  INFO 17828 --- [main] s.d.spring.web.caching.CachingAspect     : Caching aspect applied for cache modelDependencies with key com.bth.lht.respose.base.OneResponse(true)
2019-03-13 09:46:40.646  INFO 17828 --- [main] s.d.spring.web.OperationsKeyGenerator    : Cache key generated: /bindInfo/{id}.com.bth.lht.rest.userController.UserController.update.DefaultGenericTypeNamingStrategy
2019-03-13 09:46:40.646  INFO 17828 --- [main] s.d.spring.web.caching.CachingAspect     : Caching aspect applied for cache operations with key /bindInfo/{id}.com.bth.lht.rest.userController.UserController.update.DefaultGenericTypeNamingStrategy
2019-03-13 09:46:40.652  INFO 17828 --- [main] s.w.ClassOrApiAnnotationResourceGrouping : Group for method update was 用户接口
2019-03-13 09:46:40.654  INFO 17828 --- [main] s.w.ClassOrApiAnnotationResourceGrouping : Group for method update was 用户接口
2019-03-13 09:46:41.773  INFO 17828 --- [main] o.s.b.w.embedded.tomcat.TomcatWebServer  : Tomcat started on port(s): 443 (https) 80 (http) with context path ''
2019-03-13 09:46:41.776  INFO 17828 --- [main] com.bth.lht.LhtApplication               : Started LhtApplication in 11.187 seconds (JVM running for 13.314)
